ISim log file
Running: D:\Documents\git\CECS-341\Labs\Lab4_MIPSWriteBackStage\WriteBack_TestBench_isim_beh.exe -intstyle ise -gui -tclbatch isim.cmd -wdb D:/Documents/git/CECS-341/Labs/Lab4_MIPSWriteBackStage/WriteBack_TestBench_isim_beh.wdb 
ISim P.20131013 (signature 0x7708f090)
----------------------------------------------------------------------
INFO:Security:61 - The XILINXD_LICENSE_FILE environment variable is not set.
INFO:Security:63 - The LM_LICENSE_FILE environment variable is not set.
INFO:Security:68 - For more information or for assistance in obtaining 
 a license, please run the Xilinx License Configuration Manager
       (xlcm or "Manage Xilinx Licenses".)
INFO:Security:68a - user is Harold, on host ACEHUNTER3-III.
ERROR:Security:14 - No feature was available for 'ISIM'.

No such feature exists.
Feature:       ISIM
License path:  C:/.Xilinx\Xilinx.lic;C:\Xilinx\14.7\ISE_DS\ISE\/coregen/core_licenses\Xilinx.lic;C:\Xilinx\14.7\ISE_DS\ISE\/coregen/core_licenses\XilinxFree.lic;C:\Xilinx\14.7\ISE_DS\EDK/data/core_licenses\Xilinx.lic;
FLEXnet Licensing error:-5,357
For further information, refer to the FLEXnet Licensing documentation,
available at "www.flexerasoftware.com".
----------------------------------------------------------------------
WARNING: A full ISim License cannot be checked out due to the issues listed above. Please use Xilinx License Configuration Manager to fix these issues in order to check out a full ISim license.
WARNING: ISim will run in Lite mode. Please refer to the ISim documentation for more information on the differences between the Lite and the Full version.
This is a Lite version of ISim.
Time resolution is 1 ps
# onerror resume
# wave add /
# run 1000 ns
Simulator is doing circuit initialization process.
Finished circuit initialization process.
Test Case           0
aluoutw = 12153524	readdata = c0895e81
memtoregm = 0	resultw = 12153524
regwritem = 1	regwritew = 1
writeregm = 04	writeregw = 04

Test Case           1
aluoutw = b1f05663	readdata = 06b97b0d
memtoregm = 1	resultw = 06b97b0d
regwritem = 1	regwritew = 1
writeregm = 06	writeregw = 06

Test Case           2
aluoutw = b2c28465	readdata = 89375212
memtoregm = 0	resultw = b2c28465
regwritem = 1	regwritew = 1
writeregm = 00	writeregw = 00

Test Case           3
aluoutw = 06d7cd0d	readdata = 3b23f176
memtoregm = 1	resultw = 3b23f176
regwritem = 1	regwritew = 1
writeregm = 1e	writeregw = 1e

Test Case           4
aluoutw = 76d457ed	readdata = 462df78c
memtoregm = 0	resultw = 76d457ed
regwritem = 1	regwritew = 1
writeregm = 1c	writeregw = 1c

Stopped at time : 6 ns : File "D:/Documents/git/CECS-341/Labs/Lab4_MIPSWriteBackStage/WriteBack_TestBench.v" Line 64
