Command line:
   t_controller_isim_beh.exe
     -simmode  gui
     -simrunnum  1
     -socket  56204

Tue Mar 14 18:49:39 2017


 Elaboration Time: 0.046875 sec

 Current Memory Usage: 845.713 Meg

 Total Signals          : 45
 Total Nets             : 39
 Total Signal Drivers   : 18
 Total Blocks           : 6
 Total Primitive Blocks : 4
 Total Processes        : 16
 Total Traceable Variables  : 25
 Total Scalar Nets and Variables : 206
Total Line Count : 60

 Total Simulation Time: 0.171875 sec

 Current Memory Usage: 373.854 Meg

Tue Mar 14 19:11:44 2017

